/quarantine/PYTHON/anaconda3/envs/py36/lib/python3.6/site-packages/pandas/core/indexing.py:205: SettingWithCopyWarning: 
A value is trying to be set on a copy of a slice from a DataFrame

See the caveats in the documentation: http://pandas.pydata.org/pandas-docs/stable/user_guide/indexing.html#returning-a-view-versus-a-copy
  self._setitem_with_indexer(indexer, value)
Masked shape of raw voxels for file "sub-9035_ses-2_task-faces_space-MNI152NLin2009cAsym_desc-preproc_bold.nii" is: (1, 13991516)
Masked shape of raw voxels for file "sub-9035_ses-2_task-arrows_space-MNI152NLin2009cAsym_desc-preproc_bold.nii" is: (1, 29981820)
Masked shape of raw voxels for file "sub-9035_ses-2_task-sleepiness_space-MNI152NLin2009cAsym_desc-preproc_bold.nii" is: (1, 18170800)
Masked shape of raw voxels for file "sub-9035_ses-2_task-hands_space-MNI152NLin2009cAsym_desc-preproc_bold.nii" is: (1, 17080552)
Masked shape of raw voxels for file "sub-9035_ses-2_task-rest_space-MNI152NLin2009cAsym_desc-preproc_bold.nii" is: (1, 17443968)
Masked shape of raw voxels for file "sub-9035_ses-1_task-faces_space-MNI152NLin2009cAsym_desc-preproc_bold.nii" is: (1, 14264078)
Masked shape of raw voxels for file "sub-9035_ses-1_task-rest_space-MNI152NLin2009cAsym_desc-preproc_bold.nii" is: (1, 17807384)
Masked shape of raw voxels for file "sub-9035_ses-1_task-hands_space-MNI152NLin2009cAsym_desc-preproc_bold.nii" is: (1, 16535428)
Masked shape of raw voxels for file "sub-9035_ses-1_task-arrows_space-MNI152NLin2009cAsym_desc-preproc_bold.nii" is: (1, 35433060)
Masked shape of raw voxels for file "sub-9035_ses-1_task-sleepiness_space-MNI152NLin2009cAsym_desc-preproc_bold.nii" is: (1, 18170800)
Masked shape of raw voxels for file "sub-9070_ses-2_task-faces_space-MNI152NLin2009cAsym_desc-preproc_bold.nii" is: (1, 14445786)
Masked shape of raw voxels for file "sub-9070_ses-2_task-arrows_space-MNI152NLin2009cAsym_desc-preproc_bold.nii" is: (1, 32162316)
Masked shape of raw voxels for file "sub-9070_ses-2_task-rest_space-MNI152NLin2009cAsym_desc-preproc_bold.nii" is: (1, 17534822)
Masked shape of raw voxels for file "sub-9070_ses-2_task-sleepiness_space-MNI152NLin2009cAsym_desc-preproc_bold.nii" is: (1, 18170800)
Masked shape of raw voxels for file "sub-9070_ses-2_task-hands_space-MNI152NLin2009cAsym_desc-preproc_bold.nii" is: (1, 17989092)
Masked shape of raw voxels for file "sub-9070_ses-1_task-sleepiness_space-MNI152NLin2009cAsym_desc-preproc_bold.nii" is: (1, 18170800)
Masked shape of raw voxels for file "sub-9070_ses-1_task-rest_space-MNI152NLin2009cAsym_desc-preproc_bold.nii" is: (1, 17443968)
Masked shape of raw voxels for file "sub-9070_ses-1_task-arrows_space-MNI152NLin2009cAsym_desc-preproc_bold.nii" is: (1, 31072068)
Masked shape of raw voxels for file "sub-9070_ses-1_task-hands_space-MNI152NLin2009cAsym_desc-preproc_bold.nii" is: (1, 18352508)
Masked shape of raw voxels for file "sub-9070_ses-1_task-faces_space-MNI152NLin2009cAsym_desc-preproc_bold.nii" is: (1, 14354932)
Traceback (most recent call last):
  File "feature-extraction_SCC.py", line 200, in <module>
    clf1 = setup(data=df,  target='sleepdep', silent=True)
TypeError: setup() got an unexpected keyword argument 'target'
