Calling 'find_paths'
Finished 'find_paths' in 0.0197 secs
Calling 'find_paths'
Finished 'find_paths' in 0.0065 secs
Calling 'map_sleepdep'
Finished 'map_sleepdep' in 0.0073 secs
Calling 'get_bids_components'
Finished 'get_bids_components' in 0.0027 secs
Calling 'get_voxels_df'

Calling 'gen_one_voxel_df'
Finished 'gen_one_voxel_df' in 3.3396 secs
feature_array at index 0
[[ 1.87651595  1.82082405  0.47837107 ...  1.31681051 -1.28871833
   1.8527244 ]]

[Parallel(n_jobs=-1)]: Using backend LokyBackend with 24 concurrent workers.
Pickling array (shape=(), dtype=[('sizeof_hdr', '<i4'), ('data_type', 'S10'), ('db_name', 'S18'), ('extents', '<i4'), ('session_error', '<i2'), ('regular', 'S1'), ('dim_info', 'u1'), ('dim', '<i2', (8,)), ('intent_p1', '<f4'), ('intent_p2', '<f4'), ('intent_p3', '<f4'), ('intent_code', '<i2'), ('datatype', '<i2'), ('bitpix', '<i2'), ('slice_start', '<i2'), ('pixdim', '<f4', (8,)), ('vox_offset', '<f4'), ('scl_slope', '<f4'), ('scl_inter', '<f4'), ('slice_end', '<i2'), ('slice_code', 'u1'), ('xyzt_units', 'u1'), ('cal_max', '<f4'), ('cal_min', '<f4'), ('slice_duration', '<f4'), ('toffset', '<f4'), ('glmax', '<i4'), ('glmin', '<i4'), ('descrip', 'S80'), ('aux_file', 'S24'), ('qform_code', '<i2'), ('sform_code', '<i2'), ('quatern_b', '<f4'), ('quatern_c', '<f4'), ('quatern_d', '<f4'), ('qoffset_x', '<f4'), ('qoffset_y', '<f4'), ('qoffset_z', '<f4'), ('srow_x', '<f4', (4,)), ('srow_y', '<f4', (4,)), ('srow_z', '<f4', (4,)), ('intent_name', 'S16'), ('magic', 'S4')]).
Pickling array (shape=(), dtype=[('sizeof_hdr', '<i4'), ('data_type', 'S10'), ('db_name', 'S18'), ('extents', '<i4'), ('session_error', '<i2'), ('regular', 'S1'), ('dim_info', 'u1'), ('dim', '<i2', (8,)), ('intent_p1', '<f4'), ('intent_p2', '<f4'), ('intent_p3', '<f4'), ('intent_code', '<i2'), ('datatype', '<i2'), ('bitpix', '<i2'), ('slice_start', '<i2'), ('pixdim', '<f4', (8,)), ('vox_offset', '<f4'), ('scl_slope', '<f4'), ('scl_inter', '<f4'), ('slice_end', '<i2'), ('slice_code', 'u1'), ('xyzt_units', 'u1'), ('cal_max', '<f4'), ('cal_min', '<f4'), ('slice_duration', '<f4'), ('toffset', '<f4'), ('glmax', '<i4'), ('glmin', '<i4'), ('descrip', 'S80'), ('aux_file', 'S24'), ('qform_code', '<i2'), ('sform_code', '<i2'), ('quatern_b', '<f4'), ('quatern_c', '<f4'), ('quatern_d', '<f4'), ('qoffset_x', '<f4'), ('qoffset_y', '<f4'), ('qoffset_z', '<f4'), ('srow_x', '<f4', (4,)), ('srow_y', '<f4', (4,)), ('srow_z', '<f4', (4,)), ('intent_name', 'S16'), ('magic', 'S4')]).
Pickling array (shape=(87, 103, 65), dtype=int8).
Pickling array (shape=(4, 4), dtype=float64).
Pickling array (shape=(), dtype=[('sizeof_hdr', '<i4'), ('data_type', 'S10'), ('db_name', 'S18'), ('extents', '<i4'), ('session_error', '<i2'), ('regular', 'S1'), ('dim_info', 'u1'), ('dim', '<i2', (8,)), ('intent_p1', '<f4'), ('intent_p2', '<f4'), ('intent_p3', '<f4'), ('intent_code', '<i2'), ('datatype', '<i2'), ('bitpix', '<i2'), ('slice_start', '<i2'), ('pixdim', '<f4', (8,)), ('vox_offset', '<f4'), ('scl_slope', '<f4'), ('scl_inter', '<f4'), ('slice_end', '<i2'), ('slice_code', 'u1'), ('xyzt_units', 'u1'), ('cal_max', '<f4'), ('cal_min', '<f4'), ('slice_duration', '<f4'), ('toffset', '<f4'), ('glmax', '<i4'), ('glmin', '<i4'), ('descrip', 'S80'), ('aux_file', 'S24'), ('qform_code', '<i2'), ('sform_code', '<i2'), ('quatern_b', '<f4'), ('quatern_c', '<f4'), ('quatern_d', '<f4'), ('qoffset_x', '<f4'), ('qoffset_y', '<f4'), ('qoffset_z', '<f4'), ('srow_x', '<f4', (4,)), ('srow_y', '<f4', (4,)), ('srow_z', '<f4', (4,)), ('intent_name', 'S16'), ('magic', 'S4')]).
Pickling array (shape=(4, 4), dtype=float64).
Pickling array (shape=(), dtype=[('sizeof_hdr', '<i4'), ('data_type', 'S10'), ('db_name', 'S18'), ('extents', '<i4'), ('session_error', '<i2'), ('regular', 'S1'), ('dim_info', 'u1'), ('dim', '<i2', (8,)), ('intent_p1', '<f4'), ('intent_p2', '<f4'), ('intent_p3', '<f4'), ('intent_code', '<i2'), ('datatype', '<i2'), ('bitpix', '<i2'), ('slice_start', '<i2'), ('pixdim', '<f4', (8,)), ('vox_offset', '<f4'), ('scl_slope', '<f4'), ('scl_inter', '<f4'), ('slice_end', '<i2'), ('slice_code', 'u1'), ('xyzt_units', 'u1'), ('cal_max', '<f4'), ('cal_min', '<f4'), ('slice_duration', '<f4'), ('toffset', '<f4'), ('glmax', '<i4'), ('glmin', '<i4'), ('descrip', 'S80'), ('aux_file', 'S24'), ('qform_code', '<i2'), ('sform_code', '<i2'), ('quatern_b', '<f4'), ('quatern_c', '<f4'), ('quatern_d', '<f4'), ('qoffset_x', '<f4'), ('qoffset_y', '<f4'), ('qoffset_z', '<f4'), ('srow_x', '<f4', (4,)), ('srow_y', '<f4', (4,)), ('srow_z', '<f4', (4,)), ('intent_name', 'S16'), ('magic', 'S4')]).
Pickling array (shape=(), dtype=[('sizeof_hdr', '<i4'), ('data_type', 'S10'), ('db_name', 'S18'), ('extents', '<i4'), ('session_error', '<i2'), ('regular', 'S1'), ('dim_info', 'u1'), ('dim', '<i2', (8,)), ('intent_p1', '<f4'), ('intent_p2', '<f4'), ('intent_p3', '<f4'), ('intent_code', '<i2'), ('datatype', '<i2'), ('bitpix', '<i2'), ('slice_start', '<i2'), ('pixdim', '<f4', (8,)), ('vox_offset', '<f4'), ('scl_slope', '<f4'), ('scl_inter', '<f4'), ('slice_end', '<i2'), ('slice_code', 'u1'), ('xyzt_units', 'u1'), ('cal_max', '<f4'), ('cal_min', '<f4'), ('slice_duration', '<f4'), ('toffset', '<f4'), ('glmax', '<i4'), ('glmin', '<i4'), ('descrip', 'S80'), ('aux_file', 'S24'), ('qform_code', '<i2'), ('sform_code', '<i2'), ('quatern_b', '<f4'), ('quatern_c', '<f4'), ('quatern_d', '<f4'), ('qoffset_x', '<f4'), ('qoffset_y', '<f4'), ('qoffset_z', '<f4'), ('srow_x', '<f4', (4,)), ('srow_y', '<f4', (4,)), ('srow_z', '<f4', (4,)), ('intent_name', 'S16'), ('magic', 'S4')]).
Pickling array (shape=(87, 103, 65), dtype=int8).
Pickling array (shape=(4, 4), dtype=float64).
Pickling array (shape=(), dtype=[('sizeof_hdr', '<i4'), ('data_type', 'S10'), ('db_name', 'S18'), ('extents', '<i4'), ('session_error', '<i2'), ('regular', 'S1'), ('dim_info', 'u1'), ('dim', '<i2', (8,)), ('intent_p1', '<f4'), ('intent_p2', '<f4'), ('intent_p3', '<f4'), ('intent_code', '<i2'), ('datatype', '<i2'), ('bitpix', '<i2'), ('slice_start', '<i2'), ('pixdim', '<f4', (8,)), ('vox_offset', '<f4'), ('scl_slope', '<f4'), ('scl_inter', '<f4'), ('slice_end', '<i2'), ('slice_code', 'u1'), ('xyzt_units', 'u1'), ('cal_max', '<f4'), ('cal_min', '<f4'), ('slice_duration', '<f4'), ('toffset', '<f4'), ('glmax', '<i4'), ('glmin', '<i4'), ('descrip', 'S80'), ('aux_file', 'S24'), ('qform_code', '<i2'), ('sform_code', '<i2'), ('quatern_b', '<f4'), ('quatern_c', '<f4'), ('quatern_d', '<f4'), ('qoffset_x', '<f4'), ('qoffset_y', '<f4'), ('qoffset_z', '<f4'), ('srow_x', '<f4', (4,)), ('srow_y', '<f4', (4,)), ('srow_z', '<f4', (4,)), ('intent_name', 'S16'), ('magic', 'S4')]).
Pickling array (shape=(4, 4), dtype=float64).
Pickling array (shape=(), dtype=[('sizeof_hdr', '<i4'), ('data_type', 'S10'), ('db_name', 'S18'), ('extents', '<i4'), ('session_error', '<i2'), ('regular', 'S1'), ('dim_info', 'u1'), ('dim', '<i2', (8,)), ('intent_p1', '<f4'), ('intent_p2', '<f4'), ('intent_p3', '<f4'), ('intent_code', '<i2'), ('datatype', '<i2'), ('bitpix', '<i2'), ('slice_start', '<i2'), ('pixdim', '<f4', (8,)), ('vox_offset', '<f4'), ('scl_slope', '<f4'), ('scl_inter', '<f4'), ('slice_end', '<i2'), ('slice_code', 'u1'), ('xyzt_units', 'u1'), ('cal_max', '<f4'), ('cal_min', '<f4'), ('slice_duration', '<f4'), ('toffset', '<f4'), ('glmax', '<i4'), ('glmin', '<i4'), ('descrip', 'S80'), ('aux_file', 'S24'), ('qform_code', '<i2'), ('sform_code', '<i2'), ('quatern_b', '<f4'), ('quatern_c', '<f4'), ('quatern_d', '<f4'), ('qoffset_x', '<f4'), ('qoffset_y', '<f4'), ('qoffset_z', '<f4'), ('srow_x', '<f4', (4,)), ('srow_y', '<f4', (4,)), ('srow_z', '<f4', (4,)), ('intent_name', 'S16'), ('magic', 'S4')]).
Pickling array (shape=(), dtype=[('sizeof_hdr', '<i4'), ('data_type', 'S10'), ('db_name', 'S18'), ('extents', '<i4'), ('session_error', '<i2'), ('regular', 'S1'), ('dim_info', 'u1'), ('dim', '<i2', (8,)), ('intent_p1', '<f4'), ('intent_p2', '<f4'), ('intent_p3', '<f4'), ('intent_code', '<i2'), ('datatype', '<i2'), ('bitpix', '<i2'), ('slice_start', '<i2'), ('pixdim', '<f4', (8,)), ('vox_offset', '<f4'), ('scl_slope', '<f4'), ('scl_inter', '<f4'), ('slice_end', '<i2'), ('slice_code', 'u1'), ('xyzt_units', 'u1'), ('cal_max', '<f4'), ('cal_min', '<f4'), ('slice_duration', '<f4'), ('toffset', '<f4'), ('glmax', '<i4'), ('glmin', '<i4'), ('descrip', 'S80'), ('aux_file', 'S24'), ('qform_code', '<i2'), ('sform_code', '<i2'), ('quatern_b', '<f4'), ('quatern_c', '<f4'), ('quatern_d', '<f4'), ('qoffset_x', '<f4'), ('qoffset_y', '<f4'), ('qoffset_z', '<f4'), ('srow_x', '<f4', (4,)), ('srow_y', '<f4', (4,)), ('srow_z', '<f4', (4,)), ('intent_name', 'S16'), ('magic', 'S4')]).
Pickling array (shape=(87, 103, 65), dtype=int8).
Pickling array (shape=(4, 4), dtype=float64).
Pickling array (shape=(), dtype=[('sizeof_hdr', '<i4'), ('data_type', 'S10'), ('db_name', 'S18'), ('extents', '<i4'), ('session_error', '<i2'), ('regular', 'S1'), ('dim_info', 'u1'), ('dim', '<i2', (8,)), ('intent_p1', '<f4'), ('intent_p2', '<f4'), ('intent_p3', '<f4'), ('intent_code', '<i2'), ('datatype', '<i2'), ('bitpix', '<i2'), ('slice_start', '<i2'), ('pixdim', '<f4', (8,)), ('vox_offset', '<f4'), ('scl_slope', '<f4'), ('scl_inter', '<f4'), ('slice_end', '<i2'), ('slice_code', 'u1'), ('xyzt_units', 'u1'), ('cal_max', '<f4'), ('cal_min', '<f4'), ('slice_duration', '<f4'), ('toffset', '<f4'), ('glmax', '<i4'), ('glmin', '<i4'), ('descrip', 'S80'), ('aux_file', 'S24'), ('qform_code', '<i2'), ('sform_code', '<i2'), ('quatern_b', '<f4'), ('quatern_c', '<f4'), ('quatern_d', '<f4'), ('qoffset_x', '<f4'), ('qoffset_y', '<f4'), ('qoffset_z', '<f4'), ('srow_x', '<f4', (4,)), ('srow_y', '<f4', (4,)), ('srow_z', '<f4', (4,)), ('intent_name', 'S16'), ('magic', 'S4')]).
Pickling array (shape=(4, 4), dtype=float64).
Pickling array (shape=(), dtype=[('sizeof_hdr', '<i4'), ('data_type', 'S10'), ('db_name', 'S18'), ('extents', '<i4'), ('session_error', '<i2'), ('regular', 'S1'), ('dim_info', 'u1'), ('dim', '<i2', (8,)), ('intent_p1', '<f4'), ('intent_p2', '<f4'), ('intent_p3', '<f4'), ('intent_code', '<i2'), ('datatype', '<i2'), ('bitpix', '<i2'), ('slice_start', '<i2'), ('pixdim', '<f4', (8,)), ('vox_offset', '<f4'), ('scl_slope', '<f4'), ('scl_inter', '<f4'), ('slice_end', '<i2'), ('slice_code', 'u1'), ('xyzt_units', 'u1'), ('cal_max', '<f4'), ('cal_min', '<f4'), ('slice_duration', '<f4'), ('toffset', '<f4'), ('glmax', '<i4'), ('glmin', '<i4'), ('descrip', 'S80'), ('aux_file', 'S24'), ('qform_code', '<i2'), ('sform_code', '<i2'), ('quatern_b', '<f4'), ('quatern_c', '<f4'), ('quatern_d', '<f4'), ('qoffset_x', '<f4'), ('qoffset_y', '<f4'), ('qoffset_z', '<f4'), ('srow_x', '<f4', (4,)), ('srow_y', '<f4', (4,)), ('srow_z', '<f4', (4,)), ('intent_name', 'S16'), ('magic', 'S4')]).
Pickling array (shape=(), dtype=[('sizeof_hdr', '<i4'), ('data_type', 'S10'), ('db_name', 'S18'), ('extents', '<i4'), ('session_error', '<i2'), ('regular', 'S1'), ('dim_info', 'u1'), ('dim', '<i2', (8,)), ('intent_p1', '<f4'), ('intent_p2', '<f4'), ('intent_p3', '<f4'), ('intent_code', '<i2'), ('datatype', '<i2'), ('bitpix', '<i2'), ('slice_start', '<i2'), ('pixdim', '<f4', (8,)), ('vox_offset', '<f4'), ('scl_slope', '<f4'), ('scl_inter', '<f4'), ('slice_end', '<i2'), ('slice_code', 'u1'), ('xyzt_units', 'u1'), ('cal_max', '<f4'), ('cal_min', '<f4'), ('slice_duration', '<f4'), ('toffset', '<f4'), ('glmax', '<i4'), ('glmin', '<i4'), ('descrip', 'S80'), ('aux_file', 'S24'), ('qform_code', '<i2'), ('sform_code', '<i2'), ('quatern_b', '<f4'), ('quatern_c', '<f4'), ('quatern_d', '<f4'), ('qoffset_x', '<f4'), ('qoffset_y', '<f4'), ('qoffset_z', '<f4'), ('srow_x', '<f4', (4,)), ('srow_y', '<f4', (4,)), ('srow_z', '<f4', (4,)), ('intent_name', 'S16'), ('magic', 'S4')]).
Pickling array (shape=(87, 103, 65), dtype=int8).
Pickling array (shape=(4, 4), dtype=float64).
Pickling array (shape=(), dtype=[('sizeof_hdr', '<i4'), ('data_type', 'S10'), ('db_name', 'S18'), ('extents', '<i4'), ('session_error', '<i2'), ('regular', 'S1'), ('dim_info', 'u1'), ('dim', '<i2', (8,)), ('intent_p1', '<f4'), ('intent_p2', '<f4'), ('intent_p3', '<f4'), ('intent_code', '<i2'), ('datatype', '<i2'), ('bitpix', '<i2'), ('slice_start', '<i2'), ('pixdim', '<f4', (8,)), ('vox_offset', '<f4'), ('scl_slope', '<f4'), ('scl_inter', '<f4'), ('slice_end', '<i2'), ('slice_code', 'u1'), ('xyzt_units', 'u1'), ('cal_max', '<f4'), ('cal_min', '<f4'), ('slice_duration', '<f4'), ('toffset', '<f4'), ('glmax', '<i4'), ('glmin', '<i4'), ('descrip', 'S80'), ('aux_file', 'S24'), ('qform_code', '<i2'), ('sform_code', '<i2'), ('quatern_b', '<f4'), ('quatern_c', '<f4'), ('quatern_d', '<f4'), ('qoffset_x', '<f4'), ('qoffset_y', '<f4'), ('qoffset_z', '<f4'), ('srow_x', '<f4', (4,)), ('srow_y', '<f4', (4,)), ('srow_z', '<f4', (4,)), ('intent_name', 'S16'), ('magic', 'S4')]).
Pickling array (shape=(4, 4), dtype=float64).
[Parallel(n_jobs=-1)]: Done   1 tasks      | elapsed:    9.4s
[Parallel(n_jobs=-1)]: Done   2 out of   4 | elapsed:    9.5s remaining:    9.5s
[Parallel(n_jobs=-1)]: Done   4 out of   4 | elapsed:   12.2s remaining:    0.0s
[Parallel(n_jobs=-1)]: Done   4 out of   4 | elapsed:   12.2s finished

Finished 'get_voxels_df' in 16.9041 secs
Calling 'gen_one_voxel_df'
Finished 'gen_one_voxel_df' in 5.4896 secs
Pickling array (shape=(1, 908540), dtype=float64).
Calling 'gen_one_voxel_df'
Finished 'gen_one_voxel_df' in 5.4669 secs
Pickling array (shape=(1, 908540), dtype=float64).
Calling 'gen_one_voxel_df'
Finished 'gen_one_voxel_df' in 5.3839 secs
Pickling array (shape=(1, 908540), dtype=float64).
Calling 'gen_one_voxel_df'
Finished 'gen_one_voxel_df' in 8.1342 secs
Pickling array (shape=(1, 908540), dtype=float64).
