[Parallel(n_jobs=-1)]: Using backend LokyBackend with 24 concurrent workers.
Memmapping (shape=(808, 3635600), dtype=float64) to new file /dev/shm/joblib_memmapping_folder_17394_4354074231/17394-47866134534968-09b2c295f8544cc29c4c6e0e09048667.pkl
Pickling array (shape=(808,), dtype=int64).
Pickling array (shape=(673,), dtype=int64).
Pickling array (shape=(135,), dtype=int64).
Memmapping (shape=(808, 3635600), dtype=float64) to old file /dev/shm/joblib_memmapping_folder_17394_4354074231/17394-47866134534968-09b2c295f8544cc29c4c6e0e09048667.pkl
Pickling array (shape=(808,), dtype=int64).
Pickling array (shape=(673,), dtype=int64).
Pickling array (shape=(135,), dtype=int64).
Memmapping (shape=(808, 3635600), dtype=float64) to old file /dev/shm/joblib_memmapping_folder_17394_4354074231/17394-47866134534968-09b2c295f8544cc29c4c6e0e09048667.pkl
Pickling array (shape=(808,), dtype=int64).
Pickling array (shape=(673,), dtype=int64).
Pickling array (shape=(135,), dtype=int64).
Memmapping (shape=(808, 3635600), dtype=float64) to old file /dev/shm/joblib_memmapping_folder_17394_4354074231/17394-47866134534968-09b2c295f8544cc29c4c6e0e09048667.pkl
Pickling array (shape=(808,), dtype=int64).
Pickling array (shape=(673,), dtype=int64).
Pickling array (shape=(135,), dtype=int64).
Memmapping (shape=(808, 3635600), dtype=float64) to old file /dev/shm/joblib_memmapping_folder_17394_4354074231/17394-47866134534968-09b2c295f8544cc29c4c6e0e09048667.pkl
Pickling array (shape=(808,), dtype=int64).
Pickling array (shape=(674,), dtype=int64).
Pickling array (shape=(134,), dtype=int64).
Memmapping (shape=(808, 3635600), dtype=float64) to old file /dev/shm/joblib_memmapping_folder_17394_4354074231/17394-47866134534968-09b2c295f8544cc29c4c6e0e09048667.pkl
Pickling array (shape=(808,), dtype=int64).
Pickling array (shape=(674,), dtype=int64).
Pickling array (shape=(134,), dtype=int64).
[Parallel(n_jobs=-1)]: Done   1 tasks      | elapsed:  5.4min
[Parallel(n_jobs=-1)]: Done   2 out of   6 | elapsed:  5.7min remaining: 11.3min
[Parallel(n_jobs=-1)]: Done   3 out of   6 | elapsed:  5.7min remaining:  5.7min
[Parallel(n_jobs=-1)]: Done   4 out of   6 | elapsed:  5.8min remaining:  2.9min
[Parallel(n_jobs=-1)]: Done   6 out of   6 | elapsed:  5.9min remaining:    0.0s
[Parallel(n_jobs=-1)]: Done   6 out of   6 | elapsed:  5.9min finished
SVC Mean CV Score: 0.5073981942141146
[CV]  ................................................................
[CV] .................................... , score=0.526, total= 4.6min
[CV]  ................................................................
[CV] .................................... , score=0.530, total= 4.9min
[CV]  ................................................................
[CV] .................................... , score=0.563, total= 4.9min
[CV]  ................................................................
[CV] .................................... , score=0.463, total= 5.0min
[CV]  ................................................................
[CV] .................................... , score=0.511, total= 5.1min
[CV]  ................................................................
[CV] .................................... , score=0.452, total= 5.1min
