2020-08-29 19:23:33,893:INFO:PyCaret Classification Module
2020-08-29 19:23:33,893:INFO:version 2.0
2020-08-29 19:23:33,893:INFO:Initializing setup()
2020-08-29 19:23:33,894:INFO:USI: 2338
2020-08-29 19:23:33,894:INFO:setup(data=(20, 2), target=sleepdep, train_size=0.7, sampling=True, sample_estimator=None, categorical_features=None, categorical_imputation=constant, ordinal_features=None,
                    high_cardinality_features=None, high_cardinality_method=frequency, numeric_features=None, numeric_imputation=mean, date_features=None, ignore_features=None, normalize=False,
                    normalize_method=zscore, transformation=False, transformation_method=yeo-johnson, handle_unknown_categorical=True, unknown_categorical_method=least_frequent, pca=False, pca_method=linear,
                    pca_components=None, ignore_low_variance=False, combine_rare_levels=False, rare_level_threshold=0.1, bin_numeric_features=None, remove_outliers=False, outliers_threshold=0.05,
                    remove_multicollinearity=False, multicollinearity_threshold=0.9, remove_perfect_collinearity=False, create_clusters=False, cluster_iter=20,
                    polynomial_features=False, polynomial_degree=2, trigonometry_features=False, polynomial_threshold=0.1, group_features=None,
                    group_names=None, feature_selection=False, feature_selection_threshold=0.8, feature_interaction=False, feature_ratio=False, interaction_threshold=0.01,
                    fix_imbalance=False, fix_imbalance_method=None, data_split_shuffle=True, folds_shuffle=False, n_jobs=-1, html=True, session_id=None, log_experiment=False,
                    experiment_name=None, log_plots=False, log_profile=False, log_data=False, silent=False, verbose=True, profile=False)
2020-08-29 19:23:33,896:INFO:Checking environment
2020-08-29 19:23:33,896:INFO:python_version: 3.7.6
2020-08-29 19:23:33,896:INFO:python_build: ('default', 'Jan  8 2020 20:23:39')
2020-08-29 19:23:33,896:INFO:machine: AMD64
2020-08-29 19:23:33,896:INFO:platform: Windows-10-10.0.19041-SP0
2020-08-29 19:23:33,898:WARNING:cannot find psutil installation. memory not traceable. Install psutil using pip to enable memory logging. 
2020-08-29 19:23:33,898:INFO:Checking libraries
2020-08-29 19:23:33,898:INFO:pd==1.0.2
2020-08-29 19:23:33,898:INFO:numpy==1.18.4
2020-08-29 19:23:33,898:INFO:sklearn==0.23.2
2020-08-29 19:23:34,723:INFO:xgboost==1.1.1
2020-08-29 19:23:34,948:INFO:lightgbm==2.3.1
2020-08-29 19:23:35,319:INFO:catboost==0.24
2020-08-29 19:23:36,999:INFO:mlflow==1.10.0
2020-08-29 19:23:36,999:INFO:Checking Exceptions
2020-08-29 19:23:36,999:INFO:Preloading libraries
2020-08-29 19:23:36,999:INFO:Preparing display monitor
2020-08-29 19:23:37,015:INFO:Importing libraries
2020-08-29 19:23:38,385:INFO:Copying data for preprocessing
2020-08-29 19:23:38,385:INFO:Declaring global variables
2020-08-29 19:23:38,391:INFO:Declaring preprocessing parameters
2020-08-29 19:23:38,391:INFO:Importing preprocessing module
2020-08-29 19:23:39,641:INFO:Creating preprocessing pipeline
2020-08-29 19:32:39,707:INFO:PyCaret Classification Module
2020-08-29 19:32:39,709:INFO:version 2.0
2020-08-29 19:32:39,709:INFO:Initializing setup()
2020-08-29 19:32:39,709:INFO:USI: f9b9
2020-08-29 19:32:39,709:INFO:setup(data=(20, 2), target=sleepdep, train_size=0.7, sampling=True, sample_estimator=None, categorical_features=None, categorical_imputation=constant, ordinal_features=None,
                    high_cardinality_features=None, high_cardinality_method=frequency, numeric_features=None, numeric_imputation=mean, date_features=None, ignore_features=None, normalize=False,
                    normalize_method=zscore, transformation=False, transformation_method=yeo-johnson, handle_unknown_categorical=True, unknown_categorical_method=least_frequent, pca=False, pca_method=linear,
                    pca_components=None, ignore_low_variance=False, combine_rare_levels=False, rare_level_threshold=0.1, bin_numeric_features=None, remove_outliers=False, outliers_threshold=0.05,
                    remove_multicollinearity=False, multicollinearity_threshold=0.9, remove_perfect_collinearity=False, create_clusters=False, cluster_iter=20,
                    polynomial_features=False, polynomial_degree=2, trigonometry_features=False, polynomial_threshold=0.1, group_features=None,
                    group_names=None, feature_selection=False, feature_selection_threshold=0.8, feature_interaction=False, feature_ratio=False, interaction_threshold=0.01,
                    fix_imbalance=False, fix_imbalance_method=None, data_split_shuffle=True, folds_shuffle=False, n_jobs=-1, html=True, session_id=None, log_experiment=False,
                    experiment_name=None, log_plots=False, log_profile=False, log_data=False, silent=False, verbose=True, profile=False)
2020-08-29 19:32:39,711:INFO:Checking environment
2020-08-29 19:32:39,711:INFO:python_version: 3.7.6
2020-08-29 19:32:39,711:INFO:python_build: ('default', 'Jan  8 2020 20:23:39')
2020-08-29 19:32:39,712:INFO:machine: AMD64
2020-08-29 19:32:39,712:INFO:platform: Windows-10-10.0.19041-SP0
2020-08-29 19:32:39,714:WARNING:cannot find psutil installation. memory not traceable. Install psutil using pip to enable memory logging. 
2020-08-29 19:32:39,715:INFO:Checking libraries
2020-08-29 19:32:39,715:INFO:pd==1.0.2
2020-08-29 19:32:39,715:INFO:numpy==1.18.4
2020-08-29 19:32:39,715:INFO:sklearn==0.23.2
2020-08-29 19:32:39,715:INFO:xgboost==1.1.1
2020-08-29 19:32:39,715:INFO:lightgbm==2.3.1
2020-08-29 19:32:39,715:INFO:catboost==0.24
2020-08-29 19:32:39,715:INFO:mlflow==1.10.0
2020-08-29 19:32:39,715:INFO:Checking Exceptions
2020-08-29 19:32:39,716:INFO:Preloading libraries
2020-08-29 19:32:39,716:INFO:Preparing display monitor
2020-08-29 19:32:39,734:INFO:Importing libraries
2020-08-29 19:32:39,757:INFO:Copying data for preprocessing
2020-08-29 19:32:39,758:INFO:Declaring global variables
2020-08-29 19:32:39,764:INFO:Declaring preprocessing parameters
2020-08-29 19:32:39,765:INFO:Importing preprocessing module
2020-08-29 19:32:39,765:INFO:Creating preprocessing pipeline
