Calling 'find_paths'
Finished 'find_paths' in 0.0290 secs
Calling 'find_paths'
Finished 'find_paths' in 0.0081 secs
Calling 'map_sleepdep'
Finished 'map_sleepdep' in 0.0039 secs
Calling 'get_bids_components'
Finished 'get_bids_components' in 0.0014 secs
Calling 'get_FFT_df'
Calling 'genFFT'
Finished 'genFFT' in 2.8359 secs
feature_array at index 0
[ 7957.76046994+5.28466160e-14j  2589.90986144+1.33649307e+04j
 -2678.11287714+3.47623077e+03j ... -4705.67959955+9.25572099e+03j
  1867.70511535-4.18977196e+03j  -725.54658546-3.36700017e+02j]

[Parallel(n_jobs=1)]: Using backend SequentialBackend with 1 concurrent workers.
Calling 'genFFT'
Finished 'genFFT' in 2.8747 secs
[Parallel(n_jobs=1)]: Done   1 out of   1 | elapsed:    2.9s remaining:    0.0s
Calling 'genFFT'
Finished 'genFFT' in 2.4047 secs
[Parallel(n_jobs=1)]: Done   2 out of   2 | elapsed:    5.3s remaining:    0.0s
Calling 'genFFT'
Finished 'genFFT' in 2.9075 secs
[Parallel(n_jobs=1)]: Done   3 out of   3 | elapsed:    8.2s remaining:    0.0s
Calling 'genFFT'
Finished 'genFFT' in 4.9627 secs
[Parallel(n_jobs=1)]: Done   4 out of   4 | elapsed:   13.2s remaining:    0.0s
[Parallel(n_jobs=1)]: Done   4 out of   4 | elapsed:   13.2s finished

Finished 'get_FFT_df' in 22.6443 secs
