2020-09-01 22:21:18,536:INFO:PyCaret Classification Module
2020-09-01 22:21:18,536:INFO:version 2.1.2
2020-09-01 22:21:18,536:INFO:Initializing setup()
2020-09-01 22:21:18,536:INFO:USI: 62bb
2020-09-01 22:21:18,536:INFO:setup(data=(20, 35433061), target=sleepdep, train_size=0.7, sampling=True, sample_estimator=None, categorical_features=None, categorical_imputation=constant, ordinal_features=None,
                    high_cardinality_features=None, high_cardinality_method=frequency, numeric_features=None, numeric_imputation=mean, date_features=None, ignore_features=None, normalize=False,
                    normalize_method=zscore, transformation=False, transformation_method=yeo-johnson, handle_unknown_categorical=True, unknown_categorical_method=least_frequent, pca=False, pca_method=linear,
                    pca_components=None, ignore_low_variance=False, combine_rare_levels=False, rare_level_threshold=0.1, bin_numeric_features=None, remove_outliers=False, outliers_threshold=0.05,
                    remove_multicollinearity=False, multicollinearity_threshold=0.9, remove_perfect_collinearity=False, create_clusters=False, cluster_iter=20,
                    polynomial_features=False, polynomial_degree=2, trigonometry_features=False, polynomial_threshold=0.1, group_features=None,
                    group_names=None, feature_selection=False, feature_selection_threshold=0.8, feature_interaction=False, feature_ratio=False, interaction_threshold=0.01,
                    fix_imbalance=False, fix_imbalance_method=None, data_split_shuffle=True, folds_shuffle=False, n_jobs=-1, html=True, session_id=None, log_experiment=False,
                    experiment_name=None, log_plots=False, log_profile=False, log_data=False, silent=True, verbose=True, profile=False)
2020-09-01 22:21:18,536:INFO:Checking environment
2020-09-01 22:21:18,536:INFO:python_version: 3.6.9
2020-09-01 22:21:18,536:INFO:python_build: ('default', 'Jul 30 2019 19:07:31')
2020-09-01 22:21:18,536:INFO:machine: x86_64
2020-09-01 22:21:18,538:INFO:platform: Linux-3.10.0-1062.9.1.el7.x86_64-x86_64-with-centos-7.7.1908-Core
2020-09-01 22:21:18,539:INFO:Memory: svmem(total=540745367552, available=528830177280, percent=2.2, used=10318426112, free=144045322240, active=51647062016, inactive=338005958656, buffers=347873280, cached=386033745920, shared=157327360, slab=3894575104)
2020-09-01 22:21:18,540:INFO:Physical Core: 12
2020-09-01 22:21:18,540:INFO:Logical Core: 24
2020-09-01 22:21:18,540:INFO:Checking libraries
2020-09-01 22:21:18,540:INFO:pd==0.25.3
2020-09-01 22:21:18,540:INFO:numpy==1.17.4
2020-09-01 22:21:18,540:INFO:sklearn==0.23.2
2020-09-01 22:21:19,374:INFO:xgboost==0.90
2020-09-01 22:21:19,444:INFO:lightgbm==2.3.1
2020-09-01 22:21:20,417:INFO:catboost==0.24.1
2020-09-01 22:21:23,008:INFO:mlflow==1.11.0
2020-09-01 22:21:23,010:INFO:Checking Exceptions
2020-09-01 22:21:57,566:INFO:Preloading libraries
2020-09-01 22:21:57,567:INFO:Preparing display monitor
2020-09-01 22:21:58,093:INFO:Importing libraries
2020-09-01 22:22:17,324:INFO:Declaring global variables
2020-09-01 22:22:17,324:INFO:Copying data for preprocessing
2020-09-01 22:22:18,478:INFO:Declaring preprocessing parameters
2020-09-01 22:22:18,478:INFO:Importing preprocessing module
2020-09-01 22:22:19,797:INFO:Creating preprocessing pipeline
